<?xml version="1.0" encoding="UTF-8"?>
<!-- Generated by org.testng.reporters.JUnitReportReporter -->
<testsuite skipped="0" hostname="Gupta-Manish" name="com.flipkart.testcases.flipkart_TestCases" tests="5" failures="0" timestamp="26 Sep 2018 06:52:25 GMT" time="33.144" errors="1">
  <testcase name="flipkart_Login" time="0.559" classname="com.flipkart.testcases.flipkart_TestCases"/>
  <testcase name="flipkart_homepage" time="18.025" classname="com.flipkart.testcases.flipkart_TestCases"/>
  <testcase name="generateReport" time="0.016" classname="com.flipkart.testcases.flipkart_TestCases">
    <error type="java.lang.NoClassDefFoundError" message="org/automationtesting/excelreport/Xl">
      <![CDATA[java.lang.NoClassDefFoundError: org/automationtesting/excelreport/Xl
at com.flipkart.testcases.flipkart_TestCases.generateReport(flipkart_TestCases.java:190)
at sun.reflect.NativeMethodAccessorImpl.invoke0(Native Method)
at sun.reflect.NativeMethodAccessorImpl.invoke(NativeMethodAccessorImpl.java:62)
at sun.reflect.DelegatingMethodAccessorImpl.invoke(DelegatingMethodAccessorImpl.java:43)
at java.lang.reflect.Method.invoke(Method.java:498)
at org.testng.internal.MethodInvocationHelper.invokeMethod(MethodInvocationHelper.java:124)
at org.testng.internal.MethodInvocationHelper.invokeMethodConsideringTimeout(MethodInvocationHelper.java:59)
at org.testng.internal.Invoker.invokeConfigurationMethod(Invoker.java:458)
at org.testng.internal.Invoker.invokeConfigurations(Invoker.java:222)
at org.testng.internal.Invoker.invokeConfigurations(Invoker.java:142)
at org.testng.SuiteRunner.privateRun(SuiteRunner.java:425)
at org.testng.SuiteRunner.run(SuiteRunner.java:364)
at org.testng.SuiteRunnerWorker.runSuite(SuiteRunnerWorker.java:52)
at org.testng.SuiteRunnerWorker.run(SuiteRunnerWorker.java:84)
at org.testng.TestNG.runSuitesSequentially(TestNG.java:1208)
at org.testng.TestNG.runSuitesLocally(TestNG.java:1137)
at org.testng.TestNG.runSuites(TestNG.java:1049)
at org.testng.TestNG.run(TestNG.java:1017)
at org.apache.maven.surefire.testng.TestNGExecutor.run(TestNGExecutor.java:295)
at org.apache.maven.surefire.testng.TestNGXmlTestSuite.execute(TestNGXmlTestSuite.java:84)
at org.apache.maven.surefire.testng.TestNGProvider.invoke(TestNGProvider.java:90)
at org.apache.maven.surefire.booter.ForkedBooter.invokeProviderInSameClassLoader(ForkedBooter.java:203)
at org.apache.maven.surefire.booter.ForkedBooter.runSuitesInProcess(ForkedBooter.java:155)
at org.apache.maven.surefire.booter.ForkedBooter.main(ForkedBooter.java:103)
Caused by: java.lang.ClassNotFoundException: org.automationtesting.excelreport.Xl
at java.net.URLClassLoader.findClass(URLClassLoader.java:381)
at java.lang.ClassLoader.loadClass(ClassLoader.java:424)
at sun.misc.Launcher$AppClassLoader.loadClass(Launcher.java:349)
at java.lang.ClassLoader.loadClass(ClassLoader.java:357)
... 24 more
]]>
    </error>
  </testcase> <!-- generateReport -->
  <testcase name="flipkart_Search" time="11.228" classname="com.flipkart.testcases.flipkart_TestCases"/>
  <testcase name="flipkart_cartPage" time="3.316" classname="com.flipkart.testcases.flipkart_TestCases"/>
</testsuite> <!-- com.flipkart.testcases.flipkart_TestCases -->
